<?xml version="1.0" encoding="utf-8"?>
<coverage line-rate="0.2535" branch-rate="0.4457" version="1.9" timestamp="1781092302" lines-covered="529" lines-valid="2086" branches-covered="115" branches-valid="258">
  <sources>
    <source>C:\Users\annik\OneDrive\UiS_Datateknologi\DATBAC\uis-bachelor-sustainability-webapp\</source>
  </sources>
  <packages>
    <package name="uis-bachelor-sustainability-webapp" line-rate="0.2535" branch-rate="0.4457" complexity="358">
      <classes>
        <class name="uis_bachelor_sustainability_webapp.Program" filename="Program.cs" line-rate="0.4925" branch-rate="0.3701" complexity="156">
          <methods>
            <method name="Main" signature="(System.String[])" line-rate="0.7212000000000001" branch-rate="0.5769" complexity="26">
              <lines>
                <line number="20" hits="4" branch="False" />
                <line number="21" hits="4" branch="True" condition-coverage="50% (1/2)">
                  <conditions>
                    <condition number="35" type="jump" coverage="50%" />
                  </conditions>
                </line>
                <line number="25" hits="4" branch="False" />
                <line number="26" hits="4" branch="False" />
                <line number="27" hits="4" branch="False" />
                <line number="28" hits="4" branch="False" />
                <line number="29" hits="2" branch="False" />
                <line number="30" hits="2" branch="False" />
                <line number="31" hits="2" branch="False" />
                <line number="32" hits="2" branch="True" condition-coverage="50% (1/2)">
                  <conditions>
                    <condition number="51" type="jump" coverage="50%" />
                  </conditions>
                </line>
                <line number="33" hits="2" branch="False" />
                <line number="34" hits="2" branch="False" />
                <line number="35" hits="2" branch="True" condition-coverage="50% (1/2)">
                  <conditions>
                    <condition number="74" type="jump" coverage="50%" />
                  </conditions>
                </line>
                <line number="36" hits="2" branch="False" />
                <line number="37" hits="2" branch="False" />
                <line number="38" hits="6" branch="False" />
                <line number="39" hits="4" branch="True" condition-coverage="50% (1/2)">
                  <conditions>
                    <condition number="150" type="jump" coverage="50%" />
                  </conditions>
                </line>
                <line number="41" hits="4" branch="False" />
                <line number="42" hits="13" branch="False" />
                <line number="46" hits="0" branch="False" />
                <line number="47" hits="0" branch="False" />
                <line number="49" hits="4" branch="False" />
                <line number="50" hits="4" branch="False" />
                <line number="51" hits="4" branch="False" />
                <line number="52" hits="4" branch="False" />
                <line number="53" hits="4" branch="False" />
                <line number="54" hits="4" branch="False" />
                <line number="55" hits="7" branch="True" condition-coverage="75% (3/4)">
                  <conditions>
                    <condition number="12" type="jump" coverage="50%" />
                    <condition number="24" type="jump" coverage="100%" />
                  </conditions>
                </line>
                <line number="56" hits="7" branch="False" />
                <line number="57" hits="10" branch="False" />
                <line number="58" hits="10" branch="False" />
                <line number="59" hits="10" branch="False" />
                <line number="60" hits="10" branch="False" />
                <line number="61" hits="10" branch="False" />
                <line number="62" hits="10" branch="False" />
                <line number="63" hits="10" branch="False" />
                <line number="64" hits="8" branch="False" />
                <line number="66" hits="4" branch="False" />
                <line number="67" hits="4" branch="False" />
                <line number="68" hits="4" branch="False" />
                <line number="69" hits="4" branch="False" />
                <line number="70" hits="4" branch="False" />
                <line number="71" hits="4" branch="False" />
                <line number="72" hits="4" branch="False" />
                <line number="73" hits="4" branch="False" />
                <line number="74" hits="4" branch="True" condition-coverage="50% (1/2)">
                  <conditions>
                    <condition number="62" type="jump" coverage="50%" />
                  </conditions>
                </line>
                <line number="75" hits="4" branch="False" />
                <line number="76" hits="4" branch="False" />
                <line number="77" hits="4" branch="False" />
                <line number="78" hits="4" branch="False" />
                <line number="79" hits="4" branch="False" />
                <line number="80" hits="4" branch="False" />
                <line number="81" hits="0" branch="False" />
                <line number="82" hits="4" branch="False" />
                <line number="83" hits="4" branch="False" />
                <line number="84" hits="4" branch="False" />
                <line number="85" hits="4" branch="False" />
                <line number="86" hits="4" branch="False" />
                <line number="87" hits="4" branch="False" />
                <line number="88" hits="4" branch="False" />
                <line number="89" hits="4" branch="False" />
                <line number="90" hits="1" branch="True" condition-coverage="50% (1/2)">
                  <conditions>
                    <condition number="29" type="jump" coverage="50%" />
                  </conditions>
                </line>
                <line number="91" hits="4" branch="False" />
                <line number="92" hits="1" branch="False" />
                <line number="93" hits="1" branch="False" />
                <line number="94" hits="4" branch="False" />
                <line number="95" hits="0" branch="False" />
                <line number="96" hits="0" branch="False" />
                <line number="97" hits="4" branch="False" />
                <line number="98" hits="4" branch="False" />
                <line number="99" hits="8" branch="False" />
                <line number="101" hits="4" branch="False" />
                <line number="102" hits="4" branch="False" />
                <line number="103" hits="8" branch="False" />
                <line number="104" hits="8" branch="False" />
                <line number="106" hits="4" branch="False" />
                <line number="108" hits="4" branch="False" />
                <line number="110" hits="4" branch="False" />
                <line number="111" hits="4" branch="False" />
                <line number="112" hits="4" branch="True" condition-coverage="50% (1/2)">
                  <conditions>
                    <condition number="466" type="jump" coverage="50%" />
                  </conditions>
                </line>
                <line number="114" hits="4" branch="False" />
                <line number="118" hits="0" branch="False" />
                <line number="120" hits="4" branch="False" />
                <line number="121" hits="4" branch="True" condition-coverage="50% (1/2)">
                  <conditions>
                    <condition number="543" type="jump" coverage="50%" />
                  </conditions>
                </line>
                <line number="123" hits="0" branch="False" />
                <line number="125" hits="4" branch="False" />
                <line number="128" hits="4" branch="True" condition-coverage="50% (1/2)">
                  <conditions>
                    <condition number="579" type="jump" coverage="50%" />
                  </conditions>
                </line>
                <line number="130" hits="0" branch="False" />
                <line number="134" hits="4" branch="False" />
                <line number="135" hits="4" branch="False" />
                <line number="138" hits="4" branch="True" condition-coverage="75% (3/4)">
                  <conditions>
                    <condition number="640" type="jump" coverage="100%" />
                    <condition number="663" type="jump" coverage="50%" />
                  </conditions>
                </line>
                <line number="140" hits="0" branch="False" />
                <line number="142" hits="4" branch="False" />
                <line number="143" hits="4" branch="False" />
                <line number="144" hits="4" branch="False" />
                <line number="145" hits="4" branch="False" />
                <line number="146" hits="4" branch="False" />
                <line number="147" hits="7" branch="False" />
                <line number="148" hits="7" branch="False" />
                <line number="149" hits="4" branch="False" />
                <line number="150" hits="2" branch="False" />
                <line number="151" hits="4" branch="False" />
                <line number="152" hits="4" branch="False" />
                <line number="153" hits="2" branch="False" />
                <line number="154" hits="1" branch="False" />
                <line number="155" hits="1" branch="False" />
                <line number="156" hits="4" branch="False" />
                <line number="157" hits="1" branch="False" />
                <line number="158" hits="1" branch="False" />
                <line number="159" hits="1" branch="False" />
                <line number="160" hits="1" branch="False" />
                <line number="161" hits="1" branch="False" />
                <line number="162" hits="1" branch="False" />
                <line number="163" hits="4" branch="False" />
                <line number="164" hits="4" branch="False" />
                <line number="165" hits="4" branch="False" />
                <line number="166" hits="6" branch="False" />
                <line number="167" hits="11" branch="False" />
                <line number="169" hits="4" branch="False" />
                <line number="170" hits="4" branch="False" />
                <line number="171" hits="4" branch="False" />
                <line number="172" hits="4" branch="False" />
                <line number="173" hits="4" branch="False" />
                <line number="174" hits="4" branch="False" />
                <line number="175" hits="4" branch="False" />
                <line number="177" hits="4" branch="False" />
                <line number="178" hits="4" branch="False" />
                <line number="179" hits="0" branch="False" />
                <line number="180" hits="0" branch="False" />
                <line number="181" hits="0" branch="False" />
                <line number="182" hits="0" branch="False" />
                <line number="183" hits="0" branch="False" />
                <line number="184" hits="0" branch="False" />
                <line number="185" hits="0" branch="False" />
                <line number="186" hits="4" branch="False" />
                <line number="188" hits="4" branch="False" />
                <line number="189" hits="1" branch="False" />
                <line number="190" hits="1" branch="False" />
                <line number="191" hits="1" branch="False" />
                <line number="192" hits="1" branch="False" />
                <line number="193" hits="1" branch="False" />
                <line number="194" hits="1" branch="False" />
                <line number="195" hits="4" branch="False" />
                <line number="197" hits="4" branch="False" />
                <line number="198" hits="4" branch="False" />
                <line number="199" hits="0" branch="False" />
                <line number="200" hits="0" branch="False" />
                <line number="201" hits="0" branch="False" />
                <line number="202" hits="0" branch="False" />
                <line number="203" hits="0" branch="False" />
                <line number="204" hits="0" branch="False" />
                <line number="205" hits="0" branch="False" />
                <line number="206" hits="4" branch="False" />
                <line number="208" hits="4" branch="False" />
                <line number="209" hits="4" branch="False" />
                <line number="210" hits="1" branch="False" />
                <line number="211" hits="1" branch="False" />
                <line number="212" hits="1" branch="False" />
                <line number="213" hits="1" branch="False" />
                <line number="214" hits="1" branch="False" />
                <line number="215" hits="4" branch="False" />
                <line number="218" hits="4" branch="False" />
                <line number="219" hits="4" branch="False" />
                <line number="220" hits="3" branch="False" />
                <line number="221" hits="3" branch="False" />
                <line number="222" hits="3" branch="False" />
                <line number="223" hits="4" branch="False" />
                <line number="224" hits="3" branch="False" />
                <line number="225" hits="4" branch="False" />
                <line number="226" hits="0" branch="False" />
                <line number="227" hits="4" branch="False" />
                <line number="228" hits="4" branch="False" />
                <line number="229" hits="3" branch="False" />
                <line number="230" hits="3" branch="False" />
                <line number="231" hits="3" branch="False" />
                <line number="232" hits="4" branch="False" />
                <line number="233" hits="3" branch="False" />
                <line number="234" hits="4" branch="False" />
                <line number="235" hits="0" branch="False" />
                <line number="236" hits="0" branch="False" />
                <line number="237" hits="4" branch="False" />
                <line number="238" hits="4" branch="False" />
                <line number="239" hits="3" branch="False" />
                <line number="240" hits="3" branch="False" />
                <line number="241" hits="4" branch="False" />
                <line number="242" hits="0" branch="False" />
                <line number="243" hits="0" branch="False" />
                <line number="244" hits="4" branch="False" />
                <line number="245" hits="4" branch="False" />
                <line number="246" hits="3" branch="False" />
                <line number="247" hits="4" branch="False" />
                <line number="248" hits="0" branch="False" />
                <line number="249" hits="4" branch="False" />
                <line number="250" hits="4" branch="False" />
                <line number="251" hits="3" branch="False" />
                <line number="252" hits="3" branch="False" />
                <line number="253" hits="3" branch="False" />
                <line number="254" hits="4" branch="False" />
                <line number="255" hits="3" branch="False" />
                <line number="256" hits="3" branch="False" />
                <line number="257" hits="3" branch="False" />
                <line number="258" hits="3" branch="False" />
                <line number="259" hits="3" branch="False" />
                <line number="260" hits="3" branch="False" />
                <line number="261" hits="4" branch="False" />
                <line number="262" hits="3" branch="False" />
                <line number="263" hits="3" branch="False" />
                <line number="264" hits="3" branch="False" />
                <line number="265" hits="3" branch="False" />
                <line number="266" hits="3" branch="False" />
                <line number="267" hits="3" branch="False" />
                <line number="268" hits="4" branch="False" />
                <line number="269" hits="4" branch="False" />
                <line number="271" hits="4" branch="False" />
                <line number="272" hits="4" branch="False" />
                <line number="273" hits="0" branch="False" />
                <line number="274" hits="0" branch="False" />
                <line number="275" hits="4" branch="False" />
                <line number="276" hits="0" branch="False" />
                <line number="277" hits="4" branch="False" />
                <line number="278" hits="0" branch="False" />
                <line number="279" hits="0" branch="False" />
                <line number="280" hits="0" branch="False" />
                <line number="281" hits="0" branch="False" />
                <line number="282" hits="4" branch="False" />
                <line number="283" hits="4" branch="False" />
                <line number="284" hits="0" branch="False" />
                <line number="285" hits="0" branch="False" />
                <line number="286" hits="0" branch="False" />
                <line number="287" hits="4" branch="False" />
                <line number="288" hits="0" branch="False" />
                <line number="289" hits="0" branch="False" />
                <line number="290" hits="0" branch="False" />
                <line number="291" hits="0" branch="False" />
                <line number="292" hits="4" branch="False" />
                <line number="293" hits="4" branch="False" />
                <line number="294" hits="0" branch="False" />
                <line number="295" hits="0" branch="False" />
                <line number="296" hits="0" branch="False" />
                <line number="297" hits="0" branch="False" />
                <line number="298" hits="0" branch="False" />
                <line number="299" hits="0" branch="False" />
                <line number="300" hits="0" branch="False" />
                <line number="301" hits="0" branch="False" />
                <line number="302" hits="0" branch="False" />
                <line number="303" hits="4" branch="False" />
                <line number="304" hits="0" branch="False" />
                <line number="305" hits="4" branch="False" />
                <line number="306" hits="0" branch="False" />
                <line number="307" hits="0" branch="False" />
                <line number="308" hits="4" branch="False" />
                <line number="309" hits="0" branch="False" />
                <line number="310" hits="0" branch="False" />
                <line number="311" hits="0" branch="False" />
                <line number="312" hits="0" branch="False" />
                <line number="313" hits="0" branch="False" />
                <line number="314" hits="0" branch="False" />
                <line number="315" hits="0" branch="False" />
                <line number="316" hits="4" branch="False" />
                <line number="318" hits="4" branch="False" />
                <line number="319" hits="4" branch="False" />
                <line number="320" hits="0" branch="False" />
                <line number="321" hits="0" branch="False" />
                <line number="322" hits="4" branch="False" />
                <line number="325" hits="4" branch="False" />
                <line number="326" hits="4" branch="False" />
                <line number="327" hits="1" branch="False" />
                <line number="328" hits="1" branch="False" />
                <line number="329" hits="4" branch="False" />
                <line number="330" hits="0" branch="False" />
                <line number="331" hits="4" branch="False" />
                <line number="332" hits="4" branch="False" />
                <line number="333" hits="1" branch="False" />
                <line number="334" hits="1" branch="False" />
                <line number="335" hits="1" branch="False" />
                <line number="336" hits="1" branch="False" />
                <line number="337" hits="1" branch="False" />
                <line number="338" hits="1" branch="False" />
                <line number="339" hits="1" branch="False" />
                <line number="340" hits="1" branch="False" />
                <line number="341" hits="1" branch="False" />
                <line number="342" hits="4" branch="False" />
                <line number="343" hits="1" branch="False" />
                <line number="344" hits="1" branch="False" />
                <line number="345" hits="1" branch="False" />
                <line number="346" hits="4" branch="False" />
                <line number="347" hits="1" branch="False" />
                <line number="348" hits="4" branch="False" />
                <line number="349" hits="1" branch="False" />
                <line number="350" hits="1" branch="False" />
                <line number="351" hits="1" branch="False" />
                <line number="352" hits="5" branch="False" />
                <line number="354" hits="4" branch="False" />
                <line number="355" hits="4" branch="False" />
                <line number="356" hits="0" branch="False" />
                <line number="357" hits="0" branch="False" />
                <line number="358" hits="4" branch="False" />
                <line number="359" hits="0" branch="False" />
                <line number="360" hits="4" branch="False" />
                <line number="361" hits="4" branch="False" />
                <line number="362" hits="0" branch="False" />
                <line number="363" hits="0" branch="False" />
                <line number="364" hits="0" branch="False" />
                <line number="365" hits="0" branch="False" />
                <line number="366" hits="0" branch="False" />
                <line number="367" hits="0" branch="False" />
                <line number="368" hits="0" branch="False" />
                <line number="369" hits="0" branch="False" />
                <line number="370" hits="0" branch="False" />
                <line number="371" hits="0" branch="False" />
                <line number="372" hits="0" branch="False" />
                <line number="373" hits="0" branch="False" />
                <line number="374" hits="0" branch="False" />
                <line number="375" hits="0" branch="False" />
                <line number="376" hits="0" branch="False" />
                <line number="377" hits="0" branch="False" />
                <line number="378" hits="0" branch="False" />
                <line number="379" hits="0" branch="False" />
                <line number="380" hits="0" branch="False" />
                <line number="381" hits="4" branch="False" />
                <line number="383" hits="4" branch="False" />
                <line number="384" hits="4" branch="False" />
                <line number="385" hits="0" branch="False" />
                <line number="386" hits="0" branch="False" />
                <line number="387" hits="0" branch="False" />
                <line number="388" hits="0" branch="False" />
                <line number="389" hits="0" branch="False" />
                <line number="390" hits="4" branch="False" />
                <line number="392" hits="4" branch="False" />
                <line number="811" hits="4" branch="False" />
              </lines>
            </method>
            <method name="&lt;Main&gt;g__NormalizeUsername|0_18" signature="(System.String)" line-rate="1" branch-rate="1" complexity="1">
              <lines>
                <line number="396" hits="7" branch="False" />
              </lines>
            </method>
            <method name="&lt;Main&gt;g__IsAdminStateChangingRequest|0_19" signature="(Microsoft.AspNetCore.Http.HttpRequest)" line-rate="0.8332999999999999" branch-rate="0.875" complexity="8">
              <lines>
                <line number="401" hits="7" branch="True" condition-coverage="50% (1/2)">
                  <conditions>
                    <condition number="25" type="jump" coverage="50%" />
                  </conditions>
                </line>
                <line number="403" hits="0" branch="False" />
                <line number="406" hits="7" branch="True" condition-coverage="100% (6/6)">
                  <conditions>
                    <condition number="40" type="jump" coverage="100%" />
                    <condition number="53" type="jump" coverage="100%" />
                    <condition number="66" type="jump" coverage="100%" />
                  </conditions>
                </line>
                <line number="407" hits="7" branch="False" />
                <line number="408" hits="7" branch="False" />
                <line number="409" hits="7" branch="False" />
              </lines>
            </method>
            <method name="&lt;Main&gt;g__ValidateBrandInput|0_20" signature="(uis_bachelor_sustainability_webapp.Models.BrandUpsertDto)" line-rate="0.3" branch-rate="0.3064" complexity="62">
              <lines>
                <line number="414" hits="1" branch="False" />
                <line number="428" hits="1" branch="True" condition-coverage="50% (1/2)">
                  <conditions>
                    <condition number="22" type="jump" coverage="50%" />
                  </conditions>
                </line>
                <line number="430" hits="0" branch="False" />
                <line number="432" hits="1" branch="True" condition-coverage="50% (1/2)">
                  <conditions>
                    <condition number="63" type="jump" coverage="50%" />
                  </conditions>
                </line>
                <line number="434" hits="0" branch="False" />
                <line number="437" hits="1" branch="True" condition-coverage="75% (3/4)">
                  <conditions>
                    <condition number="92" type="jump" coverage="100%" />
                    <condition number="115" type="jump" coverage="50%" />
                  </conditions>
                </line>
                <line number="439" hits="0" branch="False" />
                <line number="442" hits="1" branch="True" condition-coverage="75% (3/4)">
                  <conditions>
                    <condition number="144" type="jump" coverage="100%" />
                    <condition number="164" type="jump" coverage="50%" />
                  </conditions>
                </line>
                <line number="444" hits="0" branch="False" />
                <line number="447" hits="2" branch="True" condition-coverage="50% (2/4)">
                  <conditions>
                    <condition number="189" type="jump" coverage="50%" />
                    <condition number="402" type="jump" coverage="50%" />
                  </conditions>
                </line>
                <line number="449" hits="0" branch="True" condition-coverage="0% (0/4)">
                  <conditions>
                    <condition number="227" type="jump" coverage="0%" />
                    <condition number="250" type="jump" coverage="0%" />
                  </conditions>
                </line>
                <line number="451" hits="0" branch="False" />
                <line number="454" hits="0" branch="True" condition-coverage="0% (0/4)">
                  <conditions>
                    <condition number="279" type="jump" coverage="0%" />
                    <condition number="302" type="jump" coverage="0%" />
                  </conditions>
                </line>
                <line number="456" hits="0" branch="False" />
                <line number="458" hits="0" branch="True" condition-coverage="33.33% (2/6)">
                  <conditions>
                    <condition number="341" type="jump" coverage="0%" />
                    <condition number="359" type="jump" coverage="50%" />
                    <condition number="377" type="jump" coverage="50%" />
                  </conditions>
                </line>
                <line number="459" hits="0" branch="False" />
                <line number="461" hits="0" branch="False" />
                <line number="465" hits="2" branch="True" condition-coverage="50% (2/4)">
                  <conditions>
                    <condition number="430" type="jump" coverage="50%" />
                    <condition number="760" type="jump" coverage="50%" />
                  </conditions>
                </line>
                <line number="467" hits="0" branch="True" condition-coverage="0% (0/4)">
                  <conditions>
                    <condition number="471" type="jump" coverage="0%" />
                    <condition number="492" type="jump" coverage="0%" />
                  </conditions>
                </line>
                <line number="469" hits="0" branch="False" />
                <line number="472" hits="0" branch="True" condition-coverage="0% (0/4)">
                  <conditions>
                    <condition number="522" type="jump" coverage="0%" />
                    <condition number="546" type="jump" coverage="0%" />
                  </conditions>
                </line>
                <line number="474" hits="0" branch="False" />
                <line number="477" hits="0" branch="True" condition-coverage="0% (0/6)">
                  <conditions>
                    <condition number="580" type="jump" coverage="0%" />
                    <condition number="608" type="jump" coverage="0%" />
                    <condition number="638" type="jump" coverage="0%" />
                  </conditions>
                </line>
                <line number="479" hits="0" branch="False" />
                <line number="482" hits="0" branch="True" condition-coverage="33.33% (2/6)">
                  <conditions>
                    <condition number="672" type="jump" coverage="50%" />
                    <condition number="705" type="jump" coverage="0%" />
                    <condition number="735" type="jump" coverage="50%" />
                  </conditions>
                </line>
                <line number="484" hits="0" branch="False" />
                <line number="488" hits="2" branch="True" condition-coverage="50% (2/4)">
                  <conditions>
                    <condition number="788" type="jump" coverage="50%" />
                    <condition number="872" type="jump" coverage="50%" />
                  </conditions>
                </line>
                <line number="490" hits="0" branch="True" condition-coverage="25% (1/4)">
                  <conditions>
                    <condition number="826" type="jump" coverage="0%" />
                    <condition number="847" type="jump" coverage="50%" />
                  </conditions>
                </line>
                <line number="492" hits="0" branch="False" />
                <line number="496" hits="1" branch="False" />
              </lines>
            </method>
            <method name="&lt;Main&gt;g__AddError|0_55" signature="(System.Collections.Generic.Dictionary`2&lt;System.String,System.String[]&gt;,System.String,System.String)" line-rate="0" branch-rate="0" complexity="2">
              <lines>
                <line number="418" hits="0" branch="True" condition-coverage="0% (0/2)">
                  <conditions>
                    <condition number="9" type="jump" coverage="0%" />
                  </conditions>
                </line>
                <line number="420" hits="0" branch="False" />
                <line number="424" hits="0" branch="False" />
                <line number="426" hits="0" branch="False" />
              </lines>
            </method>
            <method name="&lt;Main&gt;g__EnsureAdminBootstrapAccount|0_21" signature="(uis_bachelor_sustainability_webapp.Data.AppDbContext,Microsoft.AspNetCore.Identity.IPasswordHasher`1&lt;uis_bachelor_sustainability_webapp.Models.AdminUser&gt;,Microsoft.Extensions.Configuration.IConfiguration,Microsoft.Extensions.Logging.ILogger)" line-rate="0.9062" branch-rate="0.5" complexity="20">
              <lines>
                <line number="501" hits="4" branch="True" condition-coverage="50% (3/6)">
                  <conditions>
                    <condition number="18" type="jump" coverage="50%" />
                    <condition number="32" type="jump" coverage="50%" />
                    <condition number="47" type="jump" coverage="50%" />
                  </conditions>
                </line>
                <line number="502" hits="4" branch="False" />
                <line number="503" hits="4" branch="False" />
                <line number="504" hits="4" branch="False" />
                <line number="505" hits="4" branch="False" />
                <line number="507" hits="4" branch="True" condition-coverage="50% (3/6)">
                  <conditions>
                    <condition number="73" type="jump" coverage="50%" />
                    <condition number="87" type="jump" coverage="50%" />
                    <condition number="102" type="jump" coverage="50%" />
                  </conditions>
                </line>
                <line number="508" hits="4" branch="False" />
                <line number="509" hits="4" branch="False" />
                <line number="510" hits="4" branch="False" />
                <line number="511" hits="4" branch="False" />
                <line number="513" hits="4" branch="True" condition-coverage="50% (2/4)">
                  <conditions>
                    <condition number="122" type="jump" coverage="50%" />
                    <condition number="130" type="jump" coverage="50%" />
                  </conditions>
                </line>
                <line number="515" hits="0" branch="True" condition-coverage="0% (0/2)">
                  <conditions>
                    <condition number="143" type="jump" coverage="0%" />
                  </conditions>
                </line>
                <line number="517" hits="0" branch="False" />
                <line number="519" hits="0" branch="False" />
                <line number="522" hits="4" branch="False" />
                <line number="523" hits="4" branch="False" />
                <line number="524" hits="4" branch="True" condition-coverage="100% (2/2)">
                  <conditions>
                    <condition number="283" type="jump" coverage="100%" />
                  </conditions>
                </line>
                <line number="526" hits="3" branch="False" />
                <line number="529" hits="1" branch="False" />
                <line number="530" hits="1" branch="False" />
                <line number="531" hits="1" branch="False" />
                <line number="532" hits="1" branch="False" />
                <line number="533" hits="1" branch="False" />
                <line number="534" hits="1" branch="False" />
                <line number="535" hits="1" branch="False" />
                <line number="536" hits="1" branch="False" />
                <line number="537" hits="1" branch="False" />
                <line number="539" hits="1" branch="False" />
                <line number="540" hits="1" branch="False" />
                <line number="541" hits="1" branch="False" />
                <line number="542" hits="1" branch="False" />
                <line number="543" hits="1" branch="False" />
              </lines>
            </method>
            <method name="&lt;Main&gt;g__AddEvidenceSources|0_22" signature="(uis_bachelor_sustainability_webapp.Models.ClothingBrand,uis_bachelor_sustainability_webapp.Models.BrandUpsertDto)" line-rate="0.2857" branch-rate="0.2" complexity="10">
              <lines>
                <line number="547" hits="1" branch="True" condition-coverage="50% (1/2)">
                  <conditions>
                    <condition number="6" type="jump" coverage="50%" />
                  </conditions>
                </line>
                <line number="549" hits="0" branch="False" />
                <line number="552" hits="2" branch="True" condition-coverage="25% (1/4)">
                  <conditions>
                    <condition number="196" type="jump" coverage="50%" />
                    <condition number="11" type="jump" coverage="0%" />
                  </conditions>
                </line>
                <line number="554" hits="0" branch="True" condition-coverage="0% (0/4)">
                  <conditions>
                    <condition number="122" type="jump" coverage="0%" />
                    <condition number="158" type="jump" coverage="0%" />
                  </conditions>
                </line>
                <line number="555" hits="0" branch="False" />
                <line number="556" hits="0" branch="False" />
                <line number="557" hits="0" branch="False" />
                <line number="558" hits="0" branch="False" />
                <line number="559" hits="0" branch="False" />
                <line number="560" hits="0" branch="False" />
                <line number="561" hits="0" branch="False" />
                <line number="562" hits="0" branch="False" />
                <line number="565" hits="1" branch="False" />
                <line number="566" hits="1" branch="False" />
              </lines>
            </method>
            <method name="&lt;Main&gt;g__AddCriteriaItems|0_23" signature="(uis_bachelor_sustainability_webapp.Models.ClothingBrand,uis_bachelor_sustainability_webapp.Models.BrandUpsertDto)" line-rate="0.2666" branch-rate="0.2" complexity="10">
              <lines>
                <line number="570" hits="1" branch="True" condition-coverage="50% (1/2)">
                  <conditions>
                    <condition number="6" type="jump" coverage="50%" />
                  </conditions>
                </line>
                <line number="572" hits="0" branch="False" />
                <line number="575" hits="2" branch="True" condition-coverage="25% (1/4)">
                  <conditions>
                    <condition number="221" type="jump" coverage="50%" />
                    <condition number="11" type="jump" coverage="0%" />
                  </conditions>
                </line>
                <line number="577" hits="0" branch="True" condition-coverage="0% (0/4)">
                  <conditions>
                    <condition number="134" type="jump" coverage="0%" />
                    <condition number="183" type="jump" coverage="0%" />
                  </conditions>
                </line>
                <line number="578" hits="0" branch="False" />
                <line number="579" hits="0" branch="False" />
                <line number="580" hits="0" branch="False" />
                <line number="581" hits="0" branch="False" />
                <line number="582" hits="0" branch="False" />
                <line number="583" hits="0" branch="False" />
                <line number="584" hits="0" branch="False" />
                <line number="585" hits="0" branch="False" />
                <line number="586" hits="0" branch="False" />
                <line number="589" hits="1" branch="False" />
                <line number="590" hits="1" branch="False" />
              </lines>
            </method>
            <method name="&lt;Main&gt;g__AddCertifications|0_24" signature="(uis_bachelor_sustainability_webapp.Models.ClothingBrand,uis_bachelor_sustainability_webapp.Models.BrandUpsertDto)" line-rate="0.4285" branch-rate="0.3333" complexity="6">
              <lines>
                <line number="594" hits="1" branch="True" condition-coverage="50% (1/2)">
                  <conditions>
                    <condition number="6" type="jump" coverage="50%" />
                  </conditions>
                </line>
                <line number="596" hits="0" branch="False" />
                <line number="599" hits="1" branch="False" />
                <line number="600" hits="0" branch="True" condition-coverage="0% (0/2)">
                  <conditions>
                    <condition number="7" type="jump" coverage="0%" />
                  </conditions>
                </line>
                <line number="601" hits="0" branch="False" />
                <line number="602" hits="1" branch="False" />
                <line number="603" hits="1" branch="False" />
                <line number="605" hits="2" branch="True" condition-coverage="50% (1/2)">
                  <conditions>
                    <condition number="161" type="jump" coverage="50%" />
                  </conditions>
                </line>
                <line number="607" hits="0" branch="False" />
                <line number="608" hits="0" branch="False" />
                <line number="609" hits="0" branch="False" />
                <line number="610" hits="0" branch="False" />
                <line number="611" hits="0" branch="False" />
                <line number="613" hits="1" branch="False" />
              </lines>
            </method>
            <method name="&lt;Main&gt;g__SeedDemoBrands|0_25" signature="(uis_bachelor_sustainability_webapp.Data.AppDbContext)" line-rate="0" branch-rate="0" complexity="4">
              <lines>
                <line number="617" hits="0" branch="False" />
                <line number="619" hits="0" branch="False" />
                <line number="620" hits="0" branch="False" />
                <line number="621" hits="0" branch="False" />
                <line number="622" hits="0" branch="False" />
                <line number="623" hits="0" branch="False" />
                <line number="624" hits="0" branch="False" />
                <line number="625" hits="0" branch="False" />
                <line number="626" hits="0" branch="False" />
                <line number="627" hits="0" branch="False" />
                <line number="628" hits="0" branch="False" />
                <line number="629" hits="0" branch="False" />
                <line number="630" hits="0" branch="False" />
                <line number="631" hits="0" branch="False" />
                <line number="632" hits="0" branch="False" />
                <line number="633" hits="0" branch="False" />
                <line number="634" hits="0" branch="False" />
                <line number="635" hits="0" branch="False" />
                <line number="636" hits="0" branch="False" />
                <line number="637" hits="0" branch="False" />
                <line number="638" hits="0" branch="False" />
                <line number="639" hits="0" branch="False" />
                <line number="640" hits="0" branch="False" />
                <line number="641" hits="0" branch="False" />
                <line number="642" hits="0" branch="False" />
                <line number="643" hits="0" branch="False" />
                <line number="644" hits="0" branch="False" />
                <line number="645" hits="0" branch="False" />
                <line number="646" hits="0" branch="False" />
                <line number="647" hits="0" branch="False" />
                <line number="648" hits="0" branch="False" />
                <line number="649" hits="0" branch="False" />
                <line number="650" hits="0" branch="False" />
                <line number="651" hits="0" branch="False" />
                <line number="652" hits="0" branch="False" />
                <line number="653" hits="0" branch="False" />
                <line number="654" hits="0" branch="False" />
                <line number="655" hits="0" branch="False" />
                <line number="656" hits="0" branch="False" />
                <line number="657" hits="0" branch="False" />
                <line number="658" hits="0" branch="False" />
                <line number="659" hits="0" branch="False" />
                <line number="660" hits="0" branch="False" />
                <line number="661" hits="0" branch="False" />
                <line number="662" hits="0" branch="False" />
                <line number="663" hits="0" branch="False" />
                <line number="664" hits="0" branch="False" />
                <line number="665" hits="0" branch="False" />
                <line number="666" hits="0" branch="False" />
                <line number="667" hits="0" branch="False" />
                <line number="668" hits="0" branch="False" />
                <line number="669" hits="0" branch="False" />
                <line number="670" hits="0" branch="False" />
                <line number="671" hits="0" branch="False" />
                <line number="672" hits="0" branch="False" />
                <line number="673" hits="0" branch="False" />
                <line number="674" hits="0" branch="False" />
                <line number="675" hits="0" branch="False" />
                <line number="676" hits="0" branch="False" />
                <line number="677" hits="0" branch="False" />
                <line number="678" hits="0" branch="False" />
                <line number="679" hits="0" branch="False" />
                <line number="680" hits="0" branch="False" />
                <line number="681" hits="0" branch="False" />
                <line number="683" hits="0" branch="False" />
                <line number="684" hits="0" branch="False" />
                <line number="685" hits="0" branch="False" />
                <line number="686" hits="0" branch="False" />
                <line number="687" hits="0" branch="False" />
                <line number="688" hits="0" branch="False" />
                <line number="690" hits="0" branch="False" />
                <line number="691" hits="0" branch="False" />
                <line number="692" hits="0" branch="False" />
                <line number="694" hits="0" branch="False" />
                <line number="695" hits="0" branch="False" />
                <line number="696" hits="0" branch="False" />
                <line number="697" hits="0" branch="False" />
                <line number="698" hits="0" branch="False" />
                <line number="699" hits="0" branch="False" />
                <line number="701" hits="0" branch="True" condition-coverage="0% (0/2)">
                  <conditions>
                    <condition number="1286" type="jump" coverage="0%" />
                  </conditions>
                </line>
                <line number="703" hits="0" branch="False" />
                <line number="704" hits="0" branch="False" />
                <line number="707" hits="0" branch="False" />
                <line number="708" hits="0" branch="False" />
                <line number="709" hits="0" branch="False" />
                <line number="711" hits="0" branch="False" />
                <line number="712" hits="0" branch="False" />
                <line number="713" hits="0" branch="False" />
                <line number="715" hits="0" branch="True" condition-coverage="0% (0/2)">
                  <conditions>
                    <condition number="1426" type="jump" coverage="0%" />
                  </conditions>
                </line>
                <line number="717" hits="0" branch="False" />
                <line number="720" hits="0" branch="False" />
                <line number="721" hits="0" branch="False" />
                <line number="722" hits="0" branch="False" />
              </lines>
            </method>
            <method name="&lt;Main&gt;g__BuildBrand|0_26" signature="(System.String,System.String,System.String,System.Collections.Generic.List`1&lt;uis_bachelor_sustainability_webapp.Models.BrandCriterionItem&gt;,System.Collections.Generic.IReadOnlyList`1&lt;System.String&gt;,System.String)" line-rate="0" branch-rate="0" complexity="4">
              <lines>
                <line number="732" hits="0" branch="False" />
                <line number="733" hits="0" branch="False" />
                <line number="734" hits="0" branch="False" />
                <line number="735" hits="0" branch="False" />
                <line number="736" hits="0" branch="False" />
                <line number="737" hits="0" branch="False" />
                <line number="738" hits="0" branch="False" />
                <line number="739" hits="0" branch="False" />
                <line number="741" hits="0" branch="True" condition-coverage="0% (0/2)">
                  <conditions>
                    <condition number="85" type="jump" coverage="0%" />
                  </conditions>
                </line>
                <line number="743" hits="0" branch="False" />
                <line number="746" hits="0" branch="False" />
                <line number="747" hits="0" branch="False" />
                <line number="748" hits="0" branch="False" />
                <line number="749" hits="0" branch="False" />
                <line number="750" hits="0" branch="False" />
                <line number="751" hits="0" branch="False" />
                <line number="752" hits="0" branch="False" />
                <line number="754" hits="0" branch="True" condition-coverage="0% (0/2)">
                  <conditions>
                    <condition number="229" type="jump" coverage="0%" />
                  </conditions>
                </line>
                <line number="756" hits="0" branch="False" />
                <line number="757" hits="0" branch="False" />
                <line number="758" hits="0" branch="False" />
                <line number="759" hits="0" branch="False" />
                <line number="760" hits="0" branch="False" />
                <line number="763" hits="0" branch="False" />
                <line number="764" hits="0" branch="False" />
                <line number="765" hits="0" branch="False" />
                <line number="766" hits="0" branch="False" />
              </lines>
            </method>
            <method name="&lt;Main&gt;g__GetDefaultCriteriaTemplate|0_27" signature="()" line-rate="0" branch-rate="1" complexity="1">
              <lines>
                <line number="771" hits="0" branch="False" />
                <line number="772" hits="0" branch="False" />
                <line number="773" hits="0" branch="False" />
                <line number="774" hits="0" branch="False" />
                <line number="775" hits="0" branch="False" />
                <line number="776" hits="0" branch="False" />
                <line number="777" hits="0" branch="False" />
                <line number="778" hits="0" branch="False" />
                <line number="779" hits="0" branch="False" />
                <line number="780" hits="0" branch="False" />
                <line number="781" hits="0" branch="False" />
                <line number="782" hits="0" branch="False" />
                <line number="783" hits="0" branch="False" />
                <line number="784" hits="0" branch="False" />
                <line number="785" hits="0" branch="False" />
                <line number="786" hits="0" branch="False" />
                <line number="787" hits="0" branch="False" />
                <line number="788" hits="0" branch="False" />
                <line number="789" hits="0" branch="False" />
              </lines>
            </method>
            <method name="&lt;Main&gt;g__FillCriteria|0_28" signature="(System.Collections.Generic.List`1&lt;uis_bachelor_sustainability_webapp.Models.BrandCriterionItem&gt;,System.Collections.Generic.IReadOnlyDictionary`2&lt;System.String,System.Decimal&gt;)" line-rate="0" branch-rate="0" complexity="2">
              <lines>
                <line number="794" hits="0" branch="False" />
                <line number="795" hits="0" branch="False" />
                <line number="796" hits="0" branch="False" />
                <line number="797" hits="0" branch="False" />
                <line number="798" hits="0" branch="False" />
                <line number="799" hits="0" branch="True" condition-coverage="0% (0/2)">
                  <conditions>
                    <condition number="80" type="jump" coverage="0%" />
                  </conditions>
                </line>
                <line number="800" hits="0" branch="False" />
                <line number="801" hits="0" branch="False" />
                <line number="802" hits="0" branch="False" />
                <line number="803" hits="0" branch="False" />
                <line number="804" hits="0" branch="False" />
                <line number="805" hits="0" branch="False" />
                <line number="806" hits="0" branch="False" />
                <line number="807" hits="0" branch="False" />
                <line number="808" hits="0" branch="False" />
                <line number="809" hits="0" branch="False" />
              </lines>
            </method>
          </methods>
          <lines>
            <line number="20" hits="4" branch="False" />
            <line number="21" hits="4" branch="True" condition-coverage="50% (1/2)">
              <conditions>
                <condition number="35" type="jump" coverage="50%" />
              </conditions>
            </line>
            <line number="25" hits="4" branch="False" />
            <line number="26" hits="4" branch="False" />
            <line number="27" hits="4" branch="False" />
            <line number="28" hits="4" branch="False" />
            <line number="29" hits="2" branch="False" />
            <line number="30" hits="2" branch="False" />
            <line number="31" hits="2" branch="False" />
            <line number="32" hits="2" branch="True" condition-coverage="50% (1/2)">
              <conditions>
                <condition number="51" type="jump" coverage="50%" />
              </conditions>
            </line>
            <line number="33" hits="2" branch="False" />
            <line number="34" hits="2" branch="False" />
            <line number="35" hits="2" branch="True" condition-coverage="50% (1/2)">
              <conditions>
                <condition number="74" type="jump" coverage="50%" />
              </conditions>
            </line>
            <line number="36" hits="2" branch="False" />
            <line number="37" hits="2" branch="False" />
            <line number="38" hits="6" branch="False" />
            <line number="39" hits="4" branch="True" condition-coverage="50% (1/2)">
              <conditions>
                <condition number="150" type="jump" coverage="50%" />
              </conditions>
            </line>
            <line number="41" hits="4" branch="False" />
            <line number="42" hits="13" branch="False" />
            <line number="46" hits="0" branch="False" />
            <line number="47" hits="0" branch="False" />
            <line number="49" hits="4" branch="False" />
            <line number="50" hits="4" branch="False" />
            <line number="51" hits="4" branch="False" />
            <line number="52" hits="4" branch="False" />
            <line number="53" hits="4" branch="False" />
            <line number="54" hits="4" branch="False" />
            <line number="55" hits="7" branch="True" condition-coverage="75% (3/4)">
              <conditions>
                <condition number="12" type="jump" coverage="50%" />
                <condition number="24" type="jump" coverage="100%" />
              </conditions>
            </line>
            <line number="56" hits="7" branch="False" />
            <line number="57" hits="10" branch="False" />
            <line number="58" hits="10" branch="False" />
            <line number="59" hits="10" branch="False" />
            <line number="60" hits="10" branch="False" />
            <line number="61" hits="10" branch="False" />
            <line number="62" hits="10" branch="False" />
            <line number="63" hits="10" branch="False" />
            <line number="64" hits="8" branch="False" />
            <line number="66" hits="4" branch="False" />
            <line number="67" hits="4" branch="False" />
            <line number="68" hits="4" branch="False" />
            <line number="69" hits="4" branch="False" />
            <line number="70" hits="4" branch="False" />
            <line number="71" hits="4" branch="False" />
            <line number="72" hits="4" branch="False" />
            <line number="73" hits="4" branch="False" />
            <line number="74" hits="4" branch="True" condition-coverage="50% (1/2)">
              <conditions>
                <condition number="62" type="jump" coverage="50%" />
              </conditions>
            </line>
            <line number="75" hits="4" branch="False" />
            <line number="76" hits="4" branch="False" />
            <line number="77" hits="4" branch="False" />
            <line number="78" hits="4" branch="False" />
            <line number="79" hits="4" branch="False" />
            <line number="80" hits="4" branch="False" />
            <line number="81" hits="0" branch="False" />
            <line number="82" hits="4" branch="False" />
            <line number="83" hits="4" branch="False" />
            <line number="84" hits="4" branch="False" />
            <line number="85" hits="4" branch="False" />
            <line number="86" hits="4" branch="False" />
            <line number="87" hits="4" branch="False" />
            <line number="88" hits="4" branch="False" />
            <line number="89" hits="4" branch="False" />
            <line number="90" hits="1" branch="True" condition-coverage="50% (1/2)">
              <conditions>
                <condition number="29" type="jump" coverage="50%" />
              </conditions>
            </line>
            <line number="91" hits="4" branch="False" />
            <line number="92" hits="1" branch="False" />
            <line number="93" hits="1" branch="False" />
            <line number="94" hits="4" branch="False" />
            <line number="95" hits="0" branch="False" />
            <line number="96" hits="0" branch="False" />
            <line number="97" hits="4" branch="False" />
            <line number="98" hits="4" branch="False" />
            <line number="99" hits="8" branch="False" />
            <line number="101" hits="4" branch="False" />
            <line number="102" hits="4" branch="False" />
            <line number="103" hits="8" branch="False" />
            <line number="104" hits="8" branch="False" />
            <line number="106" hits="4" branch="False" />
            <line number="108" hits="4" branch="False" />
            <line number="110" hits="4" branch="False" />
            <line number="111" hits="4" branch="False" />
            <line number="112" hits="4" branch="True" condition-coverage="50% (1/2)">
              <conditions>
                <condition number="466" type="jump" coverage="50%" />
              </conditions>
            </line>
            <line number="114" hits="4" branch="False" />
            <line number="118" hits="0" branch="False" />
            <line number="120" hits="4" branch="False" />
            <line number="121" hits="4" branch="True" condition-coverage="50% (1/2)">
              <conditions>
                <condition number="543" type="jump" coverage="50%" />
              </conditions>
            </line>
            <line number="123" hits="0" branch="False" />
            <line number="125" hits="4" branch="False" />
            <line number="128" hits="4" branch="True" condition-coverage="50% (1/2)">
              <conditions>
                <condition number="579" type="jump" coverage="50%" />
              </conditions>
            </line>
            <line number="130" hits="0" branch="False" />
            <line number="134" hits="4" branch="False" />
            <line number="135" hits="4" branch="False" />
            <line number="138" hits="4" branch="True" condition-coverage="75% (3/4)">
              <conditions>
                <condition number="640" type="jump" coverage="100%" />
                <condition number="663" type="jump" coverage="50%" />
              </conditions>
            </line>
            <line number="140" hits="0" branch="False" />
            <line number="142" hits="4" branch="False" />
            <line number="143" hits="4" branch="False" />
            <line number="144" hits="4" branch="False" />
            <line number="145" hits="4" branch="False" />
            <line number="146" hits="4" branch="False" />
            <line number="147" hits="7" branch="False" />
            <line number="148" hits="7" branch="False" />
            <line number="149" hits="4" branch="False" />
            <line number="150" hits="2" branch="False" />
            <line number="151" hits="4" branch="False" />
            <line number="152" hits="4" branch="False" />
            <line number="153" hits="2" branch="False" />
            <line number="154" hits="1" branch="False" />
            <line number="155" hits="1" branch="False" />
            <line number="156" hits="4" branch="False" />
            <line number="157" hits="1" branch="False" />
            <line number="158" hits="1" branch="False" />
            <line number="159" hits="1" branch="False" />
            <line number="160" hits="1" branch="False" />
            <line number="161" hits="1" branch="False" />
            <line number="162" hits="1" branch="False" />
            <line number="163" hits="4" branch="False" />
            <line number="164" hits="4" branch="False" />
            <line number="165" hits="4" branch="False" />
            <line number="166" hits="6" branch="False" />
            <line number="167" hits="11" branch="False" />
            <line number="169" hits="4" branch="False" />
            <line number="170" hits="4" branch="False" />
            <line number="171" hits="4" branch="False" />
            <line number="172" hits="4" branch="False" />
            <line number="173" hits="4" branch="False" />
            <line number="174" hits="4" branch="False" />
            <line number="175" hits="4" branch="False" />
            <line number="177" hits="4" branch="False" />
            <line number="178" hits="4" branch="False" />
            <line number="179" hits="0" branch="False" />
            <line number="180" hits="0" branch="False" />
            <line number="181" hits="0" branch="False" />
            <line number="182" hits="0" branch="False" />
            <line number="183" hits="0" branch="False" />
            <line number="184" hits="0" branch="False" />
            <line number="185" hits="0" branch="False" />
            <line number="186" hits="4" branch="False" />
            <line number="188" hits="4" branch="False" />
            <line number="189" hits="1" branch="False" />
            <line number="190" hits="1" branch="False" />
            <line number="191" hits="1" branch="False" />
            <line number="192" hits="1" branch="False" />
            <line number="193" hits="1" branch="False" />
            <line number="194" hits="1" branch="False" />
            <line number="195" hits="4" branch="False" />
            <line number="197" hits="4" branch="False" />
            <line number="198" hits="4" branch="False" />
            <line number="199" hits="0" branch="False" />
            <line number="200" hits="0" branch="False" />
            <line number="201" hits="0" branch="False" />
            <line number="202" hits="0" branch="False" />
            <line number="203" hits="0" branch="False" />
            <line number="204" hits="0" branch="False" />
            <line number="205" hits="0" branch="False" />
            <line number="206" hits="4" branch="False" />
            <line number="208" hits="4" branch="False" />
            <line number="209" hits="4" branch="False" />
            <line number="210" hits="1" branch="False" />
            <line number="211" hits="1" branch="False" />
            <line number="212" hits="1" branch="False" />
            <line number="213" hits="1" branch="False" />
            <line number="214" hits="1" branch="False" />
            <line number="215" hits="4" branch="False" />
            <line number="218" hits="4" branch="False" />
            <line number="219" hits="4" branch="False" />
            <line number="220" hits="3" branch="False" />
            <line number="221" hits="3" branch="False" />
            <line number="222" hits="3" branch="False" />
            <line number="223" hits="4" branch="False" />
            <line number="224" hits="3" branch="False" />
            <line number="225" hits="4" branch="False" />
            <line number="226" hits="0" branch="False" />
            <line number="227" hits="4" branch="False" />
            <line number="228" hits="4" branch="False" />
            <line number="229" hits="3" branch="False" />
            <line number="230" hits="3" branch="False" />
            <line number="231" hits="3" branch="False" />
            <line number="232" hits="4" branch="False" />
            <line number="233" hits="3" branch="False" />
            <line number="234" hits="4" branch="False" />
            <line number="235" hits="0" branch="False" />
            <line number="236" hits="0" branch="False" />
            <line number="237" hits="4" branch="False" />
            <line number="238" hits="4" branch="False" />
            <line number="239" hits="3" branch="False" />
            <line number="240" hits="3" branch="False" />
            <line number="241" hits="4" branch="False" />
            <line number="242" hits="0" branch="False" />
            <line number="243" hits="0" branch="False" />
            <line number="244" hits="4" branch="False" />
            <line number="245" hits="4" branch="False" />
            <line number="246" hits="3" branch="False" />
            <line number="247" hits="4" branch="False" />
            <line number="248" hits="0" branch="False" />
            <line number="249" hits="4" branch="False" />
            <line number="250" hits="4" branch="False" />
            <line number="251" hits="3" branch="False" />
            <line number="252" hits="3" branch="False" />
            <line number="253" hits="3" branch="False" />
            <line number="254" hits="4" branch="False" />
            <line number="255" hits="3" branch="False" />
            <line number="256" hits="3" branch="False" />
            <line number="257" hits="3" branch="False" />
            <line number="258" hits="3" branch="False" />
            <line number="259" hits="3" branch="False" />
            <line number="260" hits="3" branch="False" />
            <line number="261" hits="4" branch="False" />
            <line number="262" hits="3" branch="False" />
            <line number="263" hits="3" branch="False" />
            <line number="264" hits="3" branch="False" />
            <line number="265" hits="3" branch="False" />
            <line number="266" hits="3" branch="False" />
            <line number="267" hits="3" branch="False" />
            <line number="268" hits="4" branch="False" />
            <line number="269" hits="4" branch="False" />
            <line number="271" hits="4" branch="False" />
            <line number="272" hits="4" branch="False" />
            <line number="273" hits="0" branch="False" />
            <line number="274" hits="0" branch="False" />
            <line number="275" hits="4" branch="False" />
            <line number="276" hits="0" branch="False" />
            <line number="277" hits="4" branch="False" />
            <line number="278" hits="0" branch="False" />
            <line number="279" hits="0" branch="False" />
            <line number="280" hits="0" branch="False" />
            <line number="281" hits="0" branch="False" />
            <line number="282" hits="4" branch="False" />
            <line number="283" hits="4" branch="False" />
            <line number="284" hits="0" branch="False" />
            <line number="285" hits="0" branch="False" />
            <line number="286" hits="0" branch="False" />
            <line number="287" hits="4" branch="False" />
            <line number="288" hits="0" branch="False" />
            <line number="289" hits="0" branch="False" />
            <line number="290" hits="0" branch="False" />
            <line number="291" hits="0" branch="False" />
            <line number="292" hits="4" branch="False" />
            <line number="293" hits="4" branch="False" />
            <line number="294" hits="0" branch="False" />
            <line number="295" hits="0" branch="False" />
            <line number="296" hits="0" branch="False" />
            <line number="297" hits="0" branch="False" />
            <line number="298" hits="0" branch="False" />
            <line number="299" hits="0" branch="False" />
            <line number="300" hits="0" branch="False" />
            <line number="301" hits="0" branch="False" />
            <line number="302" hits="0" branch="False" />
            <line number="303" hits="4" branch="False" />
            <line number="304" hits="0" branch="False" />
            <line number="305" hits="4" branch="False" />
            <line number="306" hits="0" branch="False" />
            <line number="307" hits="0" branch="False" />
            <line number="308" hits="4" branch="False" />
            <line number="309" hits="0" branch="False" />
            <line number="310" hits="0" branch="False" />
            <line number="311" hits="0" branch="False" />
            <line number="312" hits="0" branch="False" />
            <line number="313" hits="0" branch="False" />
            <line number="314" hits="0" branch="False" />
            <line number="315" hits="0" branch="False" />
            <line number="316" hits="4" branch="False" />
            <line number="318" hits="4" branch="False" />
            <line number="319" hits="4" branch="False" />
            <line number="320" hits="0" branch="False" />
            <line number="321" hits="0" branch="False" />
            <line number="322" hits="4" branch="False" />
            <line number="325" hits="4" branch="False" />
            <line number="326" hits="4" branch="False" />
            <line number="327" hits="1" branch="False" />
            <line number="328" hits="1" branch="False" />
            <line number="329" hits="4" branch="False" />
            <line number="330" hits="0" branch="False" />
            <line number="331" hits="4" branch="False" />
            <line number="332" hits="4" branch="False" />
            <line number="333" hits="1" branch="False" />
            <line number="334" hits="1" branch="False" />
            <line number="335" hits="1" branch="False" />
            <line number="336" hits="1" branch="False" />
            <line number="337" hits="1" branch="False" />
            <line number="338" hits="1" branch="False" />
            <line number="339" hits="1" branch="False" />
            <line number="340" hits="1" branch="False" />
            <line number="341" hits="1" branch="False" />
            <line number="342" hits="4" branch="False" />
            <line number="343" hits="1" branch="False" />
            <line number="344" hits="1" branch="False" />
            <line number="345" hits="1" branch="False" />
            <line number="346" hits="4" branch="False" />
            <line number="347" hits="1" branch="False" />
            <line number="348" hits="4" branch="False" />
            <line number="349" hits="1" branch="False" />
            <line number="350" hits="1" branch="False" />
            <line number="351" hits="1" branch="False" />
            <line number="352" hits="5" branch="False" />
            <line number="354" hits="4" branch="False" />
            <line number="355" hits="4" branch="False" />
            <line number="356" hits="0" branch="False" />
            <line number="357" hits="0" branch="False" />
            <line number="358" hits="4" branch="False" />
            <line number="359" hits="0" branch="False" />
            <line number="360" hits="4" branch="False" />
            <line number="361" hits="4" branch="False" />
            <line number="362" hits="0" branch="False" />
            <line number="363" hits="0" branch="False" />
            <line number="364" hits="0" branch="False" />
            <line number="365" hits="0" branch="False" />
            <line number="366" hits="0" branch="False" />
            <line number="367" hits="0" branch="False" />
            <line number="368" hits="0" branch="False" />
            <line number="369" hits="0" branch="False" />
            <line number="370" hits="0" branch="False" />
            <line number="371" hits="0" branch="False" />
            <line number="372" hits="0" branch="False" />
            <line number="373" hits="0" branch="False" />
            <line number="374" hits="0" branch="False" />
            <line number="375" hits="0" branch="False" />
            <line number="376" hits="0" branch="False" />
            <line number="377" hits="0" branch="False" />
            <line number="378" hits="0" branch="False" />
            <line number="379" hits="0" branch="False" />
            <line number="380" hits="0" branch="False" />
            <line number="381" hits="4" branch="False" />
            <line number="383" hits="4" branch="False" />
            <line number="384" hits="4" branch="False" />
            <line number="385" hits="0" branch="False" />
            <line number="386" hits="0" branch="False" />
            <line number="387" hits="0" branch="False" />
            <line number="388" hits="0" branch="False" />
            <line number="389" hits="0" branch="False" />
            <line number="390" hits="4" branch="False" />
            <line number="392" hits="4" branch="False" />
            <line number="811" hits="4" branch="False" />
            <line number="396" hits="7" branch="False" />
            <line number="401" hits="7" branch="True" condition-coverage="50% (1/2)">
              <conditions>
                <condition number="25" type="jump" coverage="50%" />
              </conditions>
            </line>
            <line number="403" hits="0" branch="False" />
            <line number="406" hits="7" branch="True" condition-coverage="100% (6/6)">
              <conditions>
                <condition number="40" type="jump" coverage="100%" />
                <condition number="53" type="jump" coverage="100%" />
                <condition number="66" type="jump" coverage="100%" />
              </conditions>
            </line>
            <line number="407" hits="7" branch="False" />
            <line number="408" hits="7" branch="False" />
            <line number="409" hits="7" branch="False" />
            <line number="414" hits="1" branch="False" />
            <line number="428" hits="1" branch="True" condition-coverage="50% (1/2)">
              <conditions>
                <condition number="22" type="jump" coverage="50%" />
              </conditions>
            </line>
            <line number="430" hits="0" branch="False" />
            <line number="432" hits="1" branch="True" condition-coverage="50% (1/2)">
              <conditions>
                <condition number="63" type="jump" coverage="50%" />
              </conditions>
            </line>
            <line number="434" hits="0" branch="False" />
            <line number="437" hits="1" branch="True" condition-coverage="75% (3/4)">
              <conditions>
                <condition number="92" type="jump" coverage="100%" />
                <condition number="115" type="jump" coverage="50%" />
              </conditions>
            </line>
            <line number="439" hits="0" branch="False" />
            <line number="442" hits="1" branch="True" condition-coverage="75% (3/4)">
              <conditions>
                <condition number="144" type="jump" coverage="100%" />
                <condition number="164" type="jump" coverage="50%" />
              </conditions>
            </line>
            <line number="444" hits="0" branch="False" />
            <line number="447" hits="2" branch="True" condition-coverage="50% (2/4)">
              <conditions>
                <condition number="189" type="jump" coverage="50%" />
                <condition number="402" type="jump" coverage="50%" />
              </conditions>
            </line>
            <line number="449" hits="0" branch="True" condition-coverage="0% (0/4)">
              <conditions>
                <condition number="227" type="jump" coverage="0%" />
                <condition number="250" type="jump" coverage="0%" />
              </conditions>
            </line>
            <line number="451" hits="0" branch="False" />
            <line number="454" hits="0" branch="True" condition-coverage="0% (0/4)">
              <conditions>
                <condition number="279" type="jump" coverage="0%" />
                <condition number="302" type="jump" coverage="0%" />
              </conditions>
            </line>
            <line number="456" hits="0" branch="False" />
            <line number="458" hits="0" branch="True" condition-coverage="33.33% (2/6)">
              <conditions>
                <condition number="341" type="jump" coverage="0%" />
                <condition number="359" type="jump" coverage="50%" />
                <condition number="377" type="jump" coverage="50%" />
              </conditions>
            </line>
            <line number="459" hits="0" branch="False" />
            <line number="461" hits="0" branch="False" />
            <line number="465" hits="2" branch="True" condition-coverage="50% (2/4)">
              <conditions>
                <condition number="430" type="jump" coverage="50%" />
                <condition number="760" type="jump" coverage="50%" />
              </conditions>
            </line>
            <line number="467" hits="0" branch="True" condition-coverage="0% (0/4)">
              <conditions>
                <condition number="471" type="jump" coverage="0%" />
                <condition number="492" type="jump" coverage="0%" />
              </conditions>
            </line>
            <line number="469" hits="0" branch="False" />
            <line number="472" hits="0" branch="True" condition-coverage="0% (0/4)">
              <conditions>
                <condition number="522" type="jump" coverage="0%" />
                <condition number="546" type="jump" coverage="0%" />
              </conditions>
            </line>
            <line number="474" hits="0" branch="False" />
            <line number="477" hits="0" branch="True" condition-coverage="0% (0/6)">
              <conditions>
                <condition number="580" type="jump" coverage="0%" />
                <condition number="608" type="jump" coverage="0%" />
                <condition number="638" type="jump" coverage="0%" />
              </conditions>
            </line>
            <line number="479" hits="0" branch="False" />
            <line number="482" hits="0" branch="True" condition-coverage="33.33% (2/6)">
              <conditions>
                <condition number="672" type="jump" coverage="50%" />
                <condition number="705" type="jump" coverage="0%" />
                <condition number="735" type="jump" coverage="50%" />
              </conditions>
            </line>
            <line number="484" hits="0" branch="False" />
            <line number="488" hits="2" branch="True" condition-coverage="50% (2/4)">
              <conditions>
                <condition number="788" type="jump" coverage="50%" />
                <condition number="872" type="jump" coverage="50%" />
              </conditions>
            </line>
            <line number="490" hits="0" branch="True" condition-coverage="25% (1/4)">
[...]
            <line number="146" hits="0" branch="False" />
            <line number="147" hits="0" branch="False" />
            <line number="148" hits="0" branch="False" />
            <line number="149" hits="0" branch="False" />
            <line number="150" hits="0" branch="False" />
            <line number="151" hits="0" branch="False" />
            <line number="152" hits="0" branch="False" />
            <line number="153" hits="0" branch="False" />
            <line number="155" hits="0" branch="False" />
            <line number="156" hits="0" branch="False" />
            <line number="157" hits="0" branch="False" />
            <line number="158" hits="0" branch="False" />
            <line number="159" hits="0" branch="False" />
            <line number="160" hits="0" branch="False" />
            <line number="161" hits="0" branch="False" />
            <line number="162" hits="0" branch="False" />
            <line number="163" hits="0" branch="False" />
            <line number="164" hits="0" branch="False" />
            <line number="165" hits="0" branch="False" />
            <line number="166" hits="0" branch="False" />
            <line number="167" hits="0" branch="False" />
            <line number="168" hits="0" branch="False" />
            <line number="169" hits="0" branch="False" />
            <line number="170" hits="0" branch="False" />
            <line number="171" hits="0" branch="False" />
            <line number="172" hits="0" branch="False" />
            <line number="173" hits="0" branch="False" />
            <line number="174" hits="0" branch="False" />
            <line number="175" hits="0" branch="False" />
            <line number="176" hits="0" branch="False" />
            <line number="177" hits="0" branch="False" />
            <line number="178" hits="0" branch="False" />
            <line number="179" hits="0" branch="False" />
            <line number="180" hits="0" branch="False" />
            <line number="181" hits="0" branch="False" />
            <line number="182" hits="0" branch="False" />
            <line number="183" hits="0" branch="False" />
            <line number="184" hits="0" branch="False" />
            <line number="185" hits="0" branch="False" />
            <line number="186" hits="0" branch="False" />
            <line number="187" hits="0" branch="False" />
            <line number="188" hits="0" branch="False" />
            <line number="189" hits="0" branch="False" />
            <line number="190" hits="0" branch="False" />
            <line number="191" hits="0" branch="False" />
            <line number="192" hits="0" branch="False" />
            <line number="193" hits="0" branch="False" />
            <line number="194" hits="0" branch="False" />
            <line number="195" hits="0" branch="False" />
            <line number="196" hits="0" branch="False" />
            <line number="197" hits="0" branch="False" />
            <line number="199" hits="0" branch="False" />
            <line number="200" hits="0" branch="False" />
            <line number="201" hits="0" branch="False" />
            <line number="202" hits="0" branch="False" />
            <line number="203" hits="0" branch="False" />
            <line number="204" hits="0" branch="False" />
            <line number="205" hits="0" branch="False" />
            <line number="206" hits="0" branch="False" />
            <line number="207" hits="0" branch="False" />
            <line number="208" hits="0" branch="False" />
            <line number="209" hits="0" branch="False" />
            <line number="210" hits="0" branch="False" />
            <line number="211" hits="0" branch="False" />
            <line number="212" hits="0" branch="False" />
            <line number="213" hits="0" branch="False" />
            <line number="214" hits="0" branch="False" />
            <line number="215" hits="0" branch="False" />
            <line number="216" hits="0" branch="False" />
            <line number="217" hits="0" branch="False" />
            <line number="218" hits="0" branch="False" />
            <line number="219" hits="0" branch="False" />
            <line number="220" hits="0" branch="False" />
            <line number="221" hits="0" branch="False" />
            <line number="222" hits="0" branch="False" />
            <line number="223" hits="0" branch="False" />
            <line number="224" hits="0" branch="False" />
            <line number="225" hits="0" branch="False" />
            <line number="226" hits="0" branch="False" />
            <line number="227" hits="0" branch="False" />
            <line number="228" hits="0" branch="False" />
            <line number="229" hits="0" branch="False" />
            <line number="230" hits="0" branch="False" />
            <line number="231" hits="0" branch="False" />
            <line number="232" hits="0" branch="False" />
            <line number="233" hits="0" branch="False" />
            <line number="234" hits="0" branch="False" />
            <line number="235" hits="0" branch="False" />
            <line number="236" hits="0" branch="False" />
            <line number="237" hits="0" branch="False" />
            <line number="238" hits="0" branch="False" />
            <line number="239" hits="0" branch="False" />
            <line number="240" hits="0" branch="False" />
            <line number="241" hits="0" branch="False" />
            <line number="242" hits="0" branch="False" />
            <line number="243" hits="0" branch="False" />
            <line number="244" hits="0" branch="False" />
            <line number="245" hits="0" branch="False" />
            <line number="246" hits="0" branch="False" />
            <line number="247" hits="0" branch="False" />
            <line number="248" hits="0" branch="False" />
            <line number="249" hits="0" branch="False" />
            <line number="250" hits="0" branch="False" />
            <line number="251" hits="0" branch="False" />
            <line number="252" hits="0" branch="False" />
            <line number="253" hits="0" branch="False" />
            <line number="254" hits="0" branch="False" />
            <line number="255" hits="0" branch="False" />
            <line number="256" hits="0" branch="False" />
            <line number="257" hits="0" branch="False" />
            <line number="258" hits="0" branch="False" />
            <line number="259" hits="0" branch="False" />
            <line number="260" hits="0" branch="False" />
            <line number="261" hits="0" branch="False" />
            <line number="262" hits="0" branch="False" />
            <line number="263" hits="0" branch="False" />
            <line number="264" hits="0" branch="False" />
            <line number="265" hits="0" branch="False" />
            <line number="266" hits="0" branch="False" />
            <line number="267" hits="0" branch="False" />
            <line number="268" hits="0" branch="False" />
            <line number="269" hits="0" branch="False" />
            <line number="270" hits="0" branch="False" />
            <line number="272" hits="0" branch="False" />
            <line number="273" hits="0" branch="False" />
            <line number="274" hits="0" branch="False" />
            <line number="275" hits="0" branch="False" />
            <line number="276" hits="0" branch="False" />
            <line number="277" hits="0" branch="False" />
            <line number="278" hits="0" branch="False" />
            <line number="279" hits="0" branch="False" />
            <line number="280" hits="0" branch="False" />
            <line number="281" hits="0" branch="False" />
            <line number="283" hits="0" branch="False" />
            <line number="284" hits="0" branch="False" />
            <line number="285" hits="0" branch="False" />
            <line number="286" hits="0" branch="False" />
            <line number="287" hits="0" branch="False" />
            <line number="288" hits="0" branch="False" />
            <line number="289" hits="0" branch="False" />
            <line number="290" hits="0" branch="False" />
            <line number="291" hits="0" branch="False" />
            <line number="292" hits="0" branch="False" />
            <line number="294" hits="0" branch="False" />
            <line number="295" hits="0" branch="False" />
            <line number="296" hits="0" branch="False" />
            <line number="297" hits="0" branch="False" />
            <line number="298" hits="0" branch="False" />
            <line number="299" hits="0" branch="False" />
            <line number="300" hits="0" branch="False" />
            <line number="301" hits="0" branch="False" />
            <line number="302" hits="0" branch="False" />
            <line number="303" hits="0" branch="False" />
            <line number="305" hits="0" branch="False" />
            <line number="306" hits="0" branch="False" />
            <line number="307" hits="0" branch="False" />
            <line number="308" hits="0" branch="False" />
            <line number="309" hits="0" branch="False" />
            <line number="310" hits="0" branch="False" />
            <line number="311" hits="0" branch="False" />
            <line number="312" hits="0" branch="False" />
            <line number="314" hits="0" branch="False" />
          </lines>
        </class>
        <class name="uis_bachelor_sustainability_webapp.Data.AppDbContext" filename="Data\AppDbContext.cs" line-rate="0.96" branch-rate="1" complexity="7">
          <methods>
            <method name="get_AdminUsers" signature="()" line-rate="1" branch-rate="1" complexity="1">
              <lines>
                <line number="8" hits="8" branch="False" />
              </lines>
            </method>
            <method name="get_ClothingBrands" signature="()" line-rate="1" branch-rate="1" complexity="1">
              <lines>
                <line number="9" hits="2" branch="False" />
              </lines>
            </method>
            <method name="get_BrandEvidenceSources" signature="()" line-rate="0" branch-rate="1" complexity="1">
              <lines>
                <line number="10" hits="0" branch="False" />
              </lines>
            </method>
            <method name="get_BrandCriterionItems" signature="()" line-rate="0" branch-rate="1" complexity="1">
              <lines>
                <line number="11" hits="0" branch="False" />
              </lines>
            </method>
            <method name="get_BrandCertifications" signature="()" line-rate="0" branch-rate="1" complexity="1">
              <lines>
                <line number="12" hits="0" branch="False" />
              </lines>
            </method>
            <method name="OnModelCreating" signature="(Microsoft.EntityFrameworkCore.ModelBuilder)" line-rate="1" branch-rate="1" complexity="1">
              <lines>
                <line number="16" hits="1" branch="False" />
                <line number="17" hits="1" branch="False" />
                <line number="18" hits="1" branch="False" />
                <line number="19" hits="1" branch="False" />
                <line number="20" hits="1" branch="False" />
                <line number="21" hits="1" branch="False" />
                <line number="22" hits="1" branch="False" />
                <line number="23" hits="1" branch="False" />
                <line number="24" hits="2" branch="False" />
                <line number="26" hits="1" branch="False" />
                <line number="27" hits="1" branch="False" />
                <line number="28" hits="1" branch="False" />
                <line number="29" hits="1" branch="False" />
                <line number="30" hits="1" branch="False" />
                <line number="31" hits="1" branch="False" />
                <line number="32" hits="1" branch="False" />
                <line number="33" hits="1" branch="False" />
                <line number="34" hits="1" branch="False" />
                <line number="35" hits="1" branch="False" />
                <line number="36" hits="1" branch="False" />
                <line number="37" hits="1" branch="False" />
                <line number="38" hits="1" branch="False" />
                <line number="39" hits="1" branch="False" />
                <line number="40" hits="1" branch="False" />
                <line number="41" hits="1" branch="False" />
                <line number="42" hits="1" branch="False" />
                <line number="43" hits="1" branch="False" />
                <line number="44" hits="1" branch="False" />
                <line number="45" hits="1" branch="False" />
                <line number="46" hits="1" branch="False" />
                <line number="47" hits="1" branch="False" />
                <line number="48" hits="1" branch="False" />
                <line number="49" hits="1" branch="False" />
                <line number="50" hits="1" branch="False" />
                <line number="51" hits="1" branch="False" />
                <line number="52" hits="1" branch="False" />
                <line number="53" hits="1" branch="False" />
                <line number="54" hits="1" branch="False" />
                <line number="55" hits="1" branch="False" />
                <line number="56" hits="1" branch="False" />
                <line number="57" hits="2" branch="False" />
                <line number="59" hits="1" branch="False" />
                <line number="60" hits="1" branch="False" />
                <line number="61" hits="1" branch="False" />
                <line number="62" hits="1" branch="False" />
                <line number="63" hits="1" branch="False" />
                <line number="64" hits="1" branch="False" />
                <line number="65" hits="1" branch="False" />
                <line number="66" hits="1" branch="False" />
                <line number="67" hits="2" branch="False" />
                <line number="69" hits="1" branch="False" />
                <line number="70" hits="1" branch="False" />
                <line number="71" hits="1" branch="False" />
                <line number="72" hits="1" branch="False" />
                <line number="73" hits="1" branch="False" />
                <line number="74" hits="1" branch="False" />
                <line number="75" hits="1" branch="False" />
                <line number="76" hits="1" branch="False" />
                <line number="77" hits="1" branch="False" />
                <line number="78" hits="1" branch="False" />
                <line number="79" hits="2" branch="False" />
                <line number="81" hits="1" branch="False" />
                <line number="82" hits="1" branch="False" />
                <line number="83" hits="1" branch="False" />
                <line number="84" hits="1" branch="False" />
                <line number="85" hits="1" branch="False" />
                <line number="86" hits="1" branch="False" />
                <line number="87" hits="2" branch="False" />
                <line number="88" hits="1" branch="False" />
              </lines>
            </method>
            <method name=".ctor" signature="(Microsoft.EntityFrameworkCore.DbContextOptions`1&lt;uis_bachelor_sustainability_webapp.Data.AppDbContext&gt;)" line-rate="1" branch-rate="1" complexity="1">
              <lines>
                <line number="6" hits="9" branch="False" />
              </lines>
            </method>
          </methods>
          <lines>
            <line number="8" hits="8" branch="False" />
            <line number="9" hits="2" branch="False" />
            <line number="10" hits="0" branch="False" />
            <line number="11" hits="0" branch="False" />
            <line number="12" hits="0" branch="False" />
            <line number="16" hits="1" branch="False" />
            <line number="17" hits="1" branch="False" />
            <line number="18" hits="1" branch="False" />
            <line number="19" hits="1" branch="False" />
            <line number="20" hits="1" branch="False" />
            <line number="21" hits="1" branch="False" />
            <line number="22" hits="1" branch="False" />
            <line number="23" hits="1" branch="False" />
            <line number="24" hits="2" branch="False" />
            <line number="26" hits="1" branch="False" />
            <line number="27" hits="1" branch="False" />
            <line number="28" hits="1" branch="False" />
            <line number="29" hits="1" branch="False" />
            <line number="30" hits="1" branch="False" />
            <line number="31" hits="1" branch="False" />
            <line number="32" hits="1" branch="False" />
            <line number="33" hits="1" branch="False" />
            <line number="34" hits="1" branch="False" />
            <line number="35" hits="1" branch="False" />
            <line number="36" hits="1" branch="False" />
            <line number="37" hits="1" branch="False" />
            <line number="38" hits="1" branch="False" />
            <line number="39" hits="1" branch="False" />
            <line number="40" hits="1" branch="False" />
            <line number="41" hits="1" branch="False" />
            <line number="42" hits="1" branch="False" />
            <line number="43" hits="1" branch="False" />
            <line number="44" hits="1" branch="False" />
            <line number="45" hits="1" branch="False" />
            <line number="46" hits="1" branch="False" />
            <line number="47" hits="1" branch="False" />
            <line number="48" hits="1" branch="False" />
            <line number="49" hits="1" branch="False" />
            <line number="50" hits="1" branch="False" />
            <line number="51" hits="1" branch="False" />
            <line number="52" hits="1" branch="False" />
            <line number="53" hits="1" branch="False" />
            <line number="54" hits="1" branch="False" />
            <line number="55" hits="1" branch="False" />
            <line number="56" hits="1" branch="False" />
            <line number="57" hits="2" branch="False" />
            <line number="59" hits="1" branch="False" />
            <line number="60" hits="1" branch="False" />
            <line number="61" hits="1" branch="False" />
            <line number="62" hits="1" branch="False" />
            <line number="63" hits="1" branch="False" />
            <line number="64" hits="1" branch="False" />
            <line number="65" hits="1" branch="False" />
            <line number="66" hits="1" branch="False" />
            <line number="67" hits="2" branch="False" />
            <line number="69" hits="1" branch="False" />
            <line number="70" hits="1" branch="False" />
            <line number="71" hits="1" branch="False" />
            <line number="72" hits="1" branch="False" />
            <line number="73" hits="1" branch="False" />
            <line number="74" hits="1" branch="False" />
            <line number="75" hits="1" branch="False" />
            <line number="76" hits="1" branch="False" />
            <line number="77" hits="1" branch="False" />
            <line number="78" hits="1" branch="False" />
            <line number="79" hits="2" branch="False" />
            <line number="81" hits="1" branch="False" />
            <line number="82" hits="1" branch="False" />
            <line number="83" hits="1" branch="False" />
            <line number="84" hits="1" branch="False" />
            <line number="85" hits="1" branch="False" />
            <line number="86" hits="1" branch="False" />
            <line number="87" hits="2" branch="False" />
            <line number="88" hits="1" branch="False" />
            <line number="6" hits="9" branch="False" />
          </lines>
        </class>
      </classes>
    </package>
  </packages>
</coverage>