<?xml version="1.0" encoding="utf-8"?>
<TestRun id="22198cc7-9ba1-408c-9b4e-005ed6e15128" name="annik@ZEBRINA 2026-06-10 13:51:42" runUser="ZEBRINA\annik" xmlns="http://microsoft.com/schemas/VisualStudio/TeamTest/2010">
  <Times creation="2026-06-10T13:51:42.2779847+02:00" queuing="2026-06-10T13:51:42.2779851+02:00" start="2026-06-10T13:51:36.6298280+02:00" finish="2026-06-10T13:51:42.4435178+02:00" />
  <TestSettings name="default" id="203587c3-505c-4aa4-a2dd-e9bcd0afa375">
    <Deployment runDeploymentRoot="annik_ZEBRINA_2026-06-10_13_51_42" />
  </TestSettings>
  <Results>
    <UnitTestResult executionId="c7c5e577-2a7f-42bf-a2d4-3231d5bb73fb" testId="580d46ed-5b23-ef49-94be-3bf3ff446d57" testName="uis_bachelor_sustainability_webapp.Tests.BrandScoreCalculatorTests.ApplyScores_WithNoCriteria_SetsNullSustainabilityAndZeroTransparency" computerName="ZEBRINA" duration="00:00:00.0002110" startTime="2026-06-10T13:51:40.8491398+02:00" endTime="2026-06-10T13:51:40.8491399+02:00" testType="13cdc9d9-ddb5-4fa4-a97d-d965ccfc6d4b" outcome="Passed" testListId="8c84fa94-04c1-424b-9868-57a2d4851a1d" relativeResultsDirectory="c7c5e577-2a7f-42bf-a2d4-3231d5bb73fb" />
    <UnitTestResult executionId="7a3c8bfb-2510-4d02-8d21-553cd12a8ae6" testId="b95d9bda-ea01-c2af-a044-9430ec9c7769" testName="uis_bachelor_sustainability_webapp.Tests.BrandScoreCalculatorTests.ApplyScores_ExcludesMissingNumericValuesFromSustainabilityButCountsForTransparency" computerName="ZEBRINA" duration="00:00:00.2064303" startTime="2026-06-10T13:51:40.8380668+02:00" endTime="2026-06-10T13:51:40.8380754+02:00" testType="13cdc9d9-ddb5-4fa4-a97d-d965ccfc6d4b" outcome="Passed" testListId="8c84fa94-04c1-424b-9868-57a2d4851a1d" relativeResultsDirectory="7a3c8bfb-2510-4d02-8d21-553cd12a8ae6" />
    <UnitTestResult executionId="18ac29f6-48af-4fc2-b838-68e9cbfa3922" testId="f30d7aea-31e9-c931-253e-03f8281d37e7" testName="uis_bachelor_sustainability_webapp.Tests.AdminApiIntegrationTests.AdminWrite_WithCsrfToken_CreatesBrand" computerName="ZEBRINA" duration="00:00:00.1172370" startTime="2026-06-10T13:51:41.9454475+02:00" endTime="2026-06-10T13:51:41.9454480+02:00" testType="13cdc9d9-ddb5-4fa4-a97d-d965ccfc6d4b" outcome="Passed" testListId="8c84fa94-04c1-424b-9868-57a2d4851a1d" relativeResultsDirectory="18ac29f6-48af-4fc2-b838-68e9cbfa3922" />
    <UnitTestResult executionId="388e2d2a-ddd5-4243-ab1d-0e5dc99ff2c7" testId="98bd43b0-1e9f-9660-0b0c-dc77d8deb336" testName="uis_bachelor_sustainability_webapp.Tests.AdminApiIntegrationTests.AdminWrite_WithoutCsrfToken_ReturnsBadRequest" computerName="ZEBRINA" duration="00:00:00.1709496" startTime="2026-06-10T13:51:41.7101745+02:00" endTime="2026-06-10T13:51:41.7101751+02:00" testType="13cdc9d9-ddb5-4fa4-a97d-d965ccfc6d4b" outcome="Passed" testListId="8c84fa94-04c1-424b-9868-57a2d4851a1d" relativeResultsDirectory="388e2d2a-ddd5-4243-ab1d-0e5dc99ff2c7" />
    <UnitTestResult executionId="1798018d-7b13-419a-be2f-2bb00567f8be" testId="856822c6-6e9d-4a49-dc2e-e30f5f4b4582" testName="uis_bachelor_sustainability_webapp.Tests.AdminApiIntegrationTests.AdminList_WithoutAuth_ReturnsUnauthorized" computerName="ZEBRINA" duration="00:00:00.8977047" startTime="2026-06-10T13:51:41.5291890+02:00" endTime="2026-06-10T13:51:41.5291895+02:00" testType="13cdc9d9-ddb5-4fa4-a97d-d965ccfc6d4b" outcome="Passed" testListId="8c84fa94-04c1-424b-9868-57a2d4851a1d" relativeResultsDirectory="1798018d-7b13-419a-be2f-2bb00567f8be" />
    <UnitTestResult executionId="bf943a69-90bd-43b5-8f39-eed3dffa0a3e" testId="c1528718-d281-5110-96ad-a2ce3bb9269d" testName="uis_bachelor_sustainability_webapp.Tests.BrandScoreCalculatorTests.ApplyScores_WithOneCriterionPerCategory_ComputesExpectedWeightedSustainability" computerName="ZEBRINA" duration="00:00:00.0003657" startTime="2026-06-10T13:51:40.8489358+02:00" endTime="2026-06-10T13:51:40.8489360+02:00" testType="13cdc9d9-ddb5-4fa4-a97d-d965ccfc6d4b" outcome="Passed" testListId="8c84fa94-04c1-424b-9868-57a2d4851a1d" relativeResultsDirectory="bf943a69-90bd-43b5-8f39-eed3dffa0a3e" />
    <UnitTestResult executionId="6b6b5ef3-d3e4-4d1d-a400-6e7d238a7320" testId="8b866579-65f5-1e0a-deb3-94ed5847cacd" testName="uis_bachelor_sustainability_webapp.Tests.BrandScoreCalculatorTests.NormalizeCriteria_NormalizesKnownDefinitionsAndClampsUnknownWeights" computerName="ZEBRINA" duration="00:00:00.0099291" startTime="2026-06-10T13:51:40.8477953+02:00" endTime="2026-06-10T13:51:40.8477959+02:00" testType="13cdc9d9-ddb5-4fa4-a97d-d965ccfc6d4b" outcome="Passed" testListId="8c84fa94-04c1-424b-9868-57a2d4851a1d" relativeResultsDirectory="6b6b5ef3-d3e4-4d1d-a400-6e7d238a7320" />
    <UnitTestResult executionId="9d2cfc67-ed8d-4447-ac44-0d7ce4bc29f8" testId="7d8b5901-6703-148c-8455-6893e1933766" testName="uis_bachelor_sustainability_webapp.Tests.AdminApiIntegrationTests.Login_WithBootstrapCredentials_AllowsAccessToAdminList" computerName="ZEBRINA" duration="00:00:00.1171757" startTime="2026-06-10T13:51:41.8278240+02:00" endTime="2026-06-10T13:51:41.8278242+02:00" testType="13cdc9d9-ddb5-4fa4-a97d-d965ccfc6d4b" outcome="Passed" testListId="8c84fa94-04c1-424b-9868-57a2d4851a1d" relativeResultsDirectory="9d2cfc67-ed8d-4447-ac44-0d7ce4bc29f8" />
  </Results>
  <TestDefinitions>
    <UnitTest name="uis_bachelor_sustainability_webapp.Tests.BrandScoreCalculatorTests.ApplyScores_WithOneCriterionPerCategory_ComputesExpectedWeightedSustainability" storage="c:\users\annik\onedrive\uis_datateknologi\datbac\uis-bachelor-sustainability-webapp\tests\uis-bachelor-sustainability-webapp.tests\bin\release\net9.0\uis-bachelor-sustainability-webapp.tests.dll" id="c1528718-d281-5110-96ad-a2ce3bb9269d">
      <Execution id="bf943a69-90bd-43b5-8f39-eed3dffa0a3e" />
      <TestMethod codeBase="C:\Users\annik\OneDrive\UiS_Datateknologi\DATBAC\uis-bachelor-sustainability-webapp\tests\uis-bachelor-sustainability-webapp.Tests\bin\Release\net9.0\uis-bachelor-sustainability-webapp.Tests.dll" adapterTypeName="executor://xunit/VsTestRunner2/netcoreapp" className="uis_bachelor_sustainability_webapp.Tests.BrandScoreCalculatorTests" name="ApplyScores_WithOneCriterionPerCategory_ComputesExpectedWeightedSustainability" />
    </UnitTest>
    <UnitTest name="uis_bachelor_sustainability_webapp.Tests.AdminApiIntegrationTests.AdminList_WithoutAuth_ReturnsUnauthorized" storage="c:\users\annik\onedrive\uis_datateknologi\datbac\uis-bachelor-sustainability-webapp\tests\uis-bachelor-sustainability-webapp.tests\bin\release\net9.0\uis-bachelor-sustainability-webapp.tests.dll" id="856822c6-6e9d-4a49-dc2e-e30f5f4b4582">
      <Execution id="1798018d-7b13-419a-be2f-2bb00567f8be" />
      <TestMethod codeBase="C:\Users\annik\OneDrive\UiS_Datateknologi\DATBAC\uis-bachelor-sustainability-webapp\tests\uis-bachelor-sustainability-webapp.Tests\bin\Release\net9.0\uis-bachelor-sustainability-webapp.Tests.dll" adapterTypeName="executor://xunit/VsTestRunner2/netcoreapp" className="uis_bachelor_sustainability_webapp.Tests.AdminApiIntegrationTests" name="AdminList_WithoutAuth_ReturnsUnauthorized" />
    </UnitTest>
    <UnitTest name="uis_bachelor_sustainability_webapp.Tests.AdminApiIntegrationTests.Login_WithBootstrapCredentials_AllowsAccessToAdminList" storage="c:\users\annik\onedrive\uis_datateknologi\datbac\uis-bachelor-sustainability-webapp\tests\uis-bachelor-sustainability-webapp.tests\bin\release\net9.0\uis-bachelor-sustainability-webapp.tests.dll" id="7d8b5901-6703-148c-8455-6893e1933766">
      <Execution id="9d2cfc67-ed8d-4447-ac44-0d7ce4bc29f8" />
      <TestMethod codeBase="C:\Users\annik\OneDrive\UiS_Datateknologi\DATBAC\uis-bachelor-sustainability-webapp\tests\uis-bachelor-sustainability-webapp.Tests\bin\Release\net9.0\uis-bachelor-sustainability-webapp.Tests.dll" adapterTypeName="executor://xunit/VsTestRunner2/netcoreapp" className="uis_bachelor_sustainability_webapp.Tests.AdminApiIntegrationTests" name="Login_WithBootstrapCredentials_AllowsAccessToAdminList" />
    </UnitTest>
    <UnitTest name="uis_bachelor_sustainability_webapp.Tests.BrandScoreCalculatorTests.ApplyScores_WithNoCriteria_SetsNullSustainabilityAndZeroTransparency" storage="c:\users\annik\onedrive\uis_datateknologi\datbac\uis-bachelor-sustainability-webapp\tests\uis-bachelor-sustainability-webapp.tests\bin\release\net9.0\uis-bachelor-sustainability-webapp.tests.dll" id="580d46ed-5b23-ef49-94be-3bf3ff446d57">
      <Execution id="c7c5e577-2a7f-42bf-a2d4-3231d5bb73fb" />
      <TestMethod codeBase="C:\Users\annik\OneDrive\UiS_Datateknologi\DATBAC\uis-bachelor-sustainability-webapp\tests\uis-bachelor-sustainability-webapp.Tests\bin\Release\net9.0\uis-bachelor-sustainability-webapp.Tests.dll" adapterTypeName="executor://xunit/VsTestRunner2/netcoreapp" className="uis_bachelor_sustainability_webapp.Tests.BrandScoreCalculatorTests" name="ApplyScores_WithNoCriteria_SetsNullSustainabilityAndZeroTransparency" />
    </UnitTest>
    <UnitTest name="uis_bachelor_sustainability_webapp.Tests.BrandScoreCalculatorTests.NormalizeCriteria_NormalizesKnownDefinitionsAndClampsUnknownWeights" storage="c:\users\annik\onedrive\uis_datateknologi\datbac\uis-bachelor-sustainability-webapp\tests\uis-bachelor-sustainability-webapp.tests\bin\release\net9.0\uis-bachelor-sustainability-webapp.tests.dll" id="8b866579-65f5-1e0a-deb3-94ed5847cacd">
      <Execution id="6b6b5ef3-d3e4-4d1d-a400-6e7d238a7320" />
      <TestMethod codeBase="C:\Users\annik\OneDrive\UiS_Datateknologi\DATBAC\uis-bachelor-sustainability-webapp\tests\uis-bachelor-sustainability-webapp.Tests\bin\Release\net9.0\uis-bachelor-sustainability-webapp.Tests.dll" adapterTypeName="executor://xunit/VsTestRunner2/netcoreapp" className="uis_bachelor_sustainability_webapp.Tests.BrandScoreCalculatorTests" name="NormalizeCriteria_NormalizesKnownDefinitionsAndClampsUnknownWeights" />
    </UnitTest>
    <UnitTest name="uis_bachelor_sustainability_webapp.Tests.BrandScoreCalculatorTests.ApplyScores_ExcludesMissingNumericValuesFromSustainabilityButCountsForTransparency" storage="c:\users\annik\onedrive\uis_datateknologi\datbac\uis-bachelor-sustainability-webapp\tests\uis-bachelor-sustainability-webapp.tests\bin\release\net9.0\uis-bachelor-sustainability-webapp.tests.dll" id="b95d9bda-ea01-c2af-a044-9430ec9c7769">
      <Execution id="7a3c8bfb-2510-4d02-8d21-553cd12a8ae6" />
      <TestMethod codeBase="C:\Users\annik\OneDrive\UiS_Datateknologi\DATBAC\uis-bachelor-sustainability-webapp\tests\uis-bachelor-sustainability-webapp.Tests\bin\Release\net9.0\uis-bachelor-sustainability-webapp.Tests.dll" adapterTypeName="executor://xunit/VsTestRunner2/netcoreapp" className="uis_bachelor_sustainability_webapp.Tests.BrandScoreCalculatorTests" name="ApplyScores_ExcludesMissingNumericValuesFromSustainabilityButCountsForTransparency" />
    </UnitTest>
    <UnitTest name="uis_bachelor_sustainability_webapp.Tests.AdminApiIntegrationTests.AdminWrite_WithoutCsrfToken_ReturnsBadRequest" storage="c:\users\annik\onedrive\uis_datateknologi\datbac\uis-bachelor-sustainability-webapp\tests\uis-bachelor-sustainability-webapp.tests\bin\release\net9.0\uis-bachelor-sustainability-webapp.tests.dll" id="98bd43b0-1e9f-9660-0b0c-dc77d8deb336">
      <Execution id="388e2d2a-ddd5-4243-ab1d-0e5dc99ff2c7" />
      <TestMethod codeBase="C:\Users\annik\OneDrive\UiS_Datateknologi\DATBAC\uis-bachelor-sustainability-webapp\tests\uis-bachelor-sustainability-webapp.Tests\bin\Release\net9.0\uis-bachelor-sustainability-webapp.Tests.dll" adapterTypeName="executor://xunit/VsTestRunner2/netcoreapp" className="uis_bachelor_sustainability_webapp.Tests.AdminApiIntegrationTests" name="AdminWrite_WithoutCsrfToken_ReturnsBadRequest" />
    </UnitTest>
    <UnitTest name="uis_bachelor_sustainability_webapp.Tests.AdminApiIntegrationTests.AdminWrite_WithCsrfToken_CreatesBrand" storage="c:\users\annik\onedrive\uis_datateknologi\datbac\uis-bachelor-sustainability-webapp\tests\uis-bachelor-sustainability-webapp.tests\bin\release\net9.0\uis-bachelor-sustainability-webapp.tests.dll" id="f30d7aea-31e9-c931-253e-03f8281d37e7">
      <Execution id="18ac29f6-48af-4fc2-b838-68e9cbfa3922" />
      <TestMethod codeBase="C:\Users\annik\OneDrive\UiS_Datateknologi\DATBAC\uis-bachelor-sustainability-webapp\tests\uis-bachelor-sustainability-webapp.Tests\bin\Release\net9.0\uis-bachelor-sustainability-webapp.Tests.dll" adapterTypeName="executor://xunit/VsTestRunner2/netcoreapp" className="uis_bachelor_sustainability_webapp.Tests.AdminApiIntegrationTests" name="AdminWrite_WithCsrfToken_CreatesBrand" />
    </UnitTest>
  </TestDefinitions>
  <TestEntries>
    <TestEntry testId="580d46ed-5b23-ef49-94be-3bf3ff446d57" executionId="c7c5e577-2a7f-42bf-a2d4-3231d5bb73fb" testListId="8c84fa94-04c1-424b-9868-57a2d4851a1d" />
    <TestEntry testId="b95d9bda-ea01-c2af-a044-9430ec9c7769" executionId="7a3c8bfb-2510-4d02-8d21-553cd12a8ae6" testListId="8c84fa94-04c1-424b-9868-57a2d4851a1d" />
    <TestEntry testId="f30d7aea-31e9-c931-253e-03f8281d37e7" executionId="18ac29f6-48af-4fc2-b838-68e9cbfa3922" testListId="8c84fa94-04c1-424b-9868-57a2d4851a1d" />
    <TestEntry testId="98bd43b0-1e9f-9660-0b0c-dc77d8deb336" executionId="388e2d2a-ddd5-4243-ab1d-0e5dc99ff2c7" testListId="8c84fa94-04c1-424b-9868-57a2d4851a1d" />
    <TestEntry testId="856822c6-6e9d-4a49-dc2e-e30f5f4b4582" executionId="1798018d-7b13-419a-be2f-2bb00567f8be" testListId="8c84fa94-04c1-424b-9868-57a2d4851a1d" />
    <TestEntry testId="c1528718-d281-5110-96ad-a2ce3bb9269d" executionId="bf943a69-90bd-43b5-8f39-eed3dffa0a3e" testListId="8c84fa94-04c1-424b-9868-57a2d4851a1d" />
    <TestEntry testId="8b866579-65f5-1e0a-deb3-94ed5847cacd" executionId="6b6b5ef3-d3e4-4d1d-a400-6e7d238a7320" testListId="8c84fa94-04c1-424b-9868-57a2d4851a1d" />
    <TestEntry testId="7d8b5901-6703-148c-8455-6893e1933766" executionId="9d2cfc67-ed8d-4447-ac44-0d7ce4bc29f8" testListId="8c84fa94-04c1-424b-9868-57a2d4851a1d" />
  </TestEntries>
  <TestLists>
    <TestList name="Results Not in a List" id="8c84fa94-04c1-424b-9868-57a2d4851a1d" />
    <TestList name="All Loaded Results" id="19431567-8539-422a-85d7-44ee4e166bda" />
  </TestLists>
  <ResultSummary outcome="Completed">
    <Counters total="8" executed="8" passed="8" failed="0" error="0" timeout="0" aborted="0" inconclusive="0" passedButRunAborted="0" notRunnable="0" notExecuted="0" disconnected="0" warning="0" completed="0" inProgress="0" pending="0" />
    <Output>
      <StdOut>[xUnit.net 00:00:00.00] xUnit.net VSTest Adapter v2.8.2+699d445a1a (64-bit .NET 9.0.8)&#xD;
[xUnit.net 00:00:01.20]   Discovering: uis-bachelor-sustainability-webapp.Tests&#xD;
[xUnit.net 00:00:01.22]   Discovered:  uis-bachelor-sustainability-webapp.Tests&#xD;
[xUnit.net 00:00:01.22]   Starting:    uis-bachelor-sustainability-webapp.Tests&#xD;
info: Microsoft.EntityFrameworkCore.Update[30100]&#xD;
      Saved 0 entities to in-memory store.&#xD;
info: Microsoft.EntityFrameworkCore.Update[30100]&#xD;
      Saved 1 entities to in-memory store.&#xD;
info: uis-bachelor-sustainability-webapp[0]&#xD;
      Bootstrap admin user testadmin was created.&#xD;
info: Microsoft.EntityFrameworkCore.Update[30100]&#xD;
      Saved 1 entities to in-memory store.&#xD;
info: uis-bachelor-sustainability-webapp[0]&#xD;
      Admin testadmin signed in&#xD;
info: Microsoft.EntityFrameworkCore.Update[30100]&#xD;
      Saved 1 entities to in-memory store.&#xD;
info: uis-bachelor-sustainability-webapp[0]&#xD;
      Admin testadmin signed in&#xD;
info: Microsoft.EntityFrameworkCore.Update[30100]&#xD;
      Saved 1 entities to in-memory store.&#xD;
info: uis-bachelor-sustainability-webapp[0]&#xD;
      Admin testadmin signed in&#xD;
info: Microsoft.EntityFrameworkCore.Update[30100]&#xD;
      Saved 1 entities to in-memory store.&#xD;
[xUnit.net 00:00:02.57]   Finished:    uis-bachelor-sustainability-webapp.Tests&#xD;
</StdOut>
    </Output>
    <CollectorDataEntries>
      <Collector agentName="ZEBRINA" uri="datacollector://microsoft/CoverletCodeCoverage/1.0" collectorDisplayName="XPlat code coverage">
        <UriAttachments>
          <UriAttachment>
            <A href="ZEBRINA\coverage.cobertura.xml"></A>
          </UriAttachment>
        </UriAttachments>
      </Collector>
    </CollectorDataEntries>
  </ResultSummary>
</TestRun>